\BOOKMARK [1][-]{section.1}{\376\377\004\042\004\025\004\045\004\035\004\030\004\047\004\025\004\041\004\032\004\036\004\025\000\040\004\027\004\020\004\024\004\020\004\035\004\030\004\025}{}% 1
\BOOKMARK [2][-]{subsection.1.1}{\376\377\004\035\004\060\004\070\004\074\004\065\004\075\004\076\004\062\004\060\004\075\004\070\004\065}{section.1}% 2
\BOOKMARK [2][-]{subsection.1.2}{\376\377\004\035\004\060\004\067\004\075\004\060\004\107\004\065\004\075\004\070\004\065}{section.1}% 3
\BOOKMARK [2][-]{subsection.1.3}{\376\377\004\036\004\101\004\075\004\076\004\062\004\060\004\075\004\070\004\065\000\040\004\064\004\073\004\117\000\040\004\100\004\060\004\067\004\100\004\060\004\061\004\076\004\102\004\072\004\070}{section.1}% 4
\BOOKMARK [2][-]{subsection.1.4}{\376\377\004\044\004\103\004\075\004\072\004\106\004\070\004\070}{section.1}% 5
\BOOKMARK [2][-]{subsection.1.5}{\376\377\004\041\004\102\004\100\004\103\004\072\004\102\004\103\004\100\004\060}{section.1}% 6
\BOOKMARK [3][-]{subsubsection.1.5.1}{\376\377\000R\000A\000G\000-\000s\000e\000r\000v\000i\000c\000e}{subsection.1.5}% 7
\BOOKMARK [3][-]{subsubsection.1.5.2}{\376\377\000l\000a\000n\000g\000-\000s\000e\000r\000v\000i\000c\000e}{subsection.1.5}% 8
\BOOKMARK [3][-]{subsubsection.1.5.3}{\376\377\000m\000o\000d\000e\000l\000s\000\040\000s\000t\000o\000r\000e}{subsection.1.5}% 9
\BOOKMARK [3][-]{subsubsection.1.5.4}{\376\377\000M\000i\000n\000i\000o}{subsection.1.5}% 10
\BOOKMARK [3][-]{subsubsection.1.5.5}{\376\377\000C\000h\000r\000o\000m\000a\000D\000B}{subsection.1.5}% 11
\BOOKMARK [2][-]{subsection.1.6}{\376\377\004\037\004\076\004\073\004\114\004\067\004\076\004\062\004\060\004\102\004\065\004\073\004\114\004\101\004\072\004\070\004\071\000\040\004\070\004\075\004\102\004\065\004\100\004\104\004\065\004\071\004\101}{section.1}% 12
\BOOKMARK [2][-]{subsection.1.7}{\376\377\004\035\004\065\004\104\004\103\004\075\004\072\004\106\004\070\004\076\004\075\004\060\004\073\004\114\004\075\004\113\004\065\000\040\004\102\004\100\004\065\004\061\004\076\004\062\004\060\004\075\004\070\004\117}{section.1}% 13
\BOOKMARK [3][-]{subsubsection.1.7.1}{\376\377\004\035\004\060\004\064\004\065\004\066\004\075\004\076\004\101\004\102\004\114}{subsection.1.7}% 14
\BOOKMARK [3][-]{subsubsection.1.7.2}{\376\377\004\021\004\065\004\067\004\076\004\077\004\060\004\101\004\075\004\076\004\101\004\102\004\114}{subsection.1.7}% 15
\BOOKMARK [3][-]{subsubsection.1.7.3}{\376\377\004\043\004\101\004\073\004\076\004\062\004\070\004\117\000\040\004\115\004\072\004\101\004\077\004\073\004\103\004\060\004\102\004\060\004\106\004\070\004\070}{subsection.1.7}% 16
\BOOKMARK [3][-]{subsubsection.1.7.4}{\376\377\004\037\004\100\004\076\004\107\004\070\004\065\000\040\004\102\004\100\004\065\004\061\004\076\004\062\004\060\004\075\004\070\004\117}{subsection.1.7}% 17
\BOOKMARK [2][-]{subsection.1.8}{\376\377\004\024\004\076\004\072\004\103\004\074\004\065\004\075\004\102\004\060\004\106\004\070\004\117}{section.1}% 18
\BOOKMARK [2][-]{subsection.1.9}{\376\377\004\041\004\102\004\060\004\064\004\070\004\070\000\040\004\070\000\040\004\115\004\102\004\060\004\077\004\113\000\040\004\100\004\060\004\067\004\100\004\060\004\061\004\076\004\102\004\072\004\070}{section.1}% 19
\BOOKMARK [2][-]{subsection.1.10}{\376\377\004\037\004\076\004\100\004\117\004\064\004\076\004\072\000\040\004\072\004\076\004\075\004\102\004\100\004\076\004\073\004\117\000\040\004\070\000\040\004\077\004\100\004\070\004\065\004\074\004\072\004\060}{section.1}% 20
