\BOOKMARK [1][-]{section.1}{\376\377\004\022\004\062\004\076\004\064\004\075\004\060\004\117\000\040\004\107\004\060\004\101\004\102\004\114}{}% 1
\BOOKMARK [1][-]{section.2}{\376\377\004\037\004\065\004\100\004\062\004\070\004\107\004\075\004\076\004\065\000\040\004\060\004\062\004\102\004\076\004\101\004\072\004\060\004\075\004\070\004\100\004\076\004\062\004\060\004\075\004\070\004\065}{}% 2
\BOOKMARK [1][-]{section.3}{\376\377\004\035\004\060\004\105\004\076\004\066\004\064\004\065\004\075\004\070\004\070\000\040\004\070\000\040\004\077\004\076\004\064\004\102\004\062\004\065\004\100\004\066\004\064\004\065\004\075\004\070\004\065\000\040\004\103\004\117\004\067\004\062\004\070\004\074\004\076\004\101\004\102\004\065\004\071}{}% 3
\BOOKMARK [2][-]{subsection.3.1}{\376\377\000S\000Q\000L\000\040\000I\000n\000j\000e\000c\000t\000i\000o\000n\000\040\0001}{section.3}% 4
\BOOKMARK [2][-]{subsection.3.2}{\376\377\000X\000S\000S}{section.3}% 5
\BOOKMARK [2][-]{subsection.3.3}{\376\377\000S\000e\000n\000s\000i\000t\000i\000v\000e\000\040\000D\000a\000t\000a\000\040\000E\000x\000p\000o\000s\000u\000r\000e\000.\000\040\000E\000x\000p\000o\000s\000e\000d\000\040\000c\000r\000e\000d\000e\000n\000t\000i\000a\000l\000s}{section.3}% 6
\BOOKMARK [2][-]{subsection.3.4}{\376\377\000B\000r\000o\000k\000e\000n\000\040\000A\000c\000c\000e\000s\000s\000\040\000C\000o\000n\000t\000r\000o\000l}{section.3}% 7
\BOOKMARK [2][-]{subsection.3.5}{\376\377\000B\000r\000o\000k\000e\000n\000\040\000A\000c\000c\000e\000s\000s\000\040\000C\000o\000n\000t\000r\000o\000l}{section.3}% 8
\BOOKMARK [1][-]{section.4}{\376\377\000D\000a\000t\000a\000\040\000F\000l\000o\000w\000\040\000D\000i\000a\000g\000r\000a\000m\000\040\040\024\000\040\000D\000F\000D}{}% 9
\BOOKMARK [2][-]{subsection.4.1}{\376\377\004\024\004\070\004\060\004\063\004\100\004\060\004\074\004\074\004\060}{section.4}% 10
\BOOKMARK [2][-]{subsection.4.2}{\376\377\004\037\004\076\004\102\004\076\004\072\004\070\000\040\004\064\004\060\004\075\004\075\004\113\004\105}{section.4}% 11
\BOOKMARK [1][-]{section.5}{\376\377\004\020\004\075\004\060\004\073\004\070\004\067\000\040\004\103\004\063\004\100\004\076\004\067\000\040\004\077\004\076\000\040\004\074\004\065\004\102\004\076\004\064\004\070\004\072\004\065\000\040\000S\000T\000R\000I\000D\000E}{}% 12
\BOOKMARK [2][-]{subsection.5.1}{\376\377\000S\000p\000o\000o\000f\000i\000n\000g\000\040\000\050\004\034\004\060\004\101\004\072\004\070\004\100\004\076\004\062\004\072\004\060\000\051}{section.5}% 13
\BOOKMARK [2][-]{subsection.5.2}{\376\377\000T\000a\000m\000p\000e\000r\000i\000n\000g\000\040\000\050\004\030\004\067\004\074\004\065\004\075\004\065\004\075\004\070\004\065\000\040\004\064\004\060\004\075\004\075\004\113\004\105\000\051}{section.5}% 14
\BOOKMARK [2][-]{subsection.5.3}{\376\377\000R\000e\000p\000u\000d\000i\000a\000t\000i\000o\000n\000\040\000\050\004\036\004\102\004\072\004\060\004\067\000\040\004\076\004\102\000\040\004\076\004\077\004\065\004\100\004\060\004\106\004\070\004\071\000\051}{section.5}% 15
\BOOKMARK [2][-]{subsection.5.4}{\376\377\000I\000n\000f\000o\000r\000m\000a\000t\000i\000o\000n\000\040\000D\000i\000s\000c\000l\000o\000s\000u\000r\000e\000\040\000\050\004\040\004\060\004\101\004\072\004\100\004\113\004\102\004\070\004\065\000\040\004\070\004\075\004\104\004\076\004\100\004\074\004\060\004\106\004\070\004\070\000\051}{section.5}% 16
\BOOKMARK [2][-]{subsection.5.5}{\376\377\000D\000e\000n\000i\000a\000l\000\040\000o\000f\000\040\000S\000e\000r\000v\000i\000c\000e\000\040\000\050\004\036\004\102\004\072\004\060\004\067\000\040\004\062\000\040\004\076\004\061\004\101\004\073\004\103\004\066\004\070\004\062\004\060\004\075\004\070\004\070\000\051}{section.5}% 17
\BOOKMARK [2][-]{subsection.5.6}{\376\377\000E\000l\000e\000v\000a\000t\000i\000o\000n\000\040\000o\000f\000\040\000P\000r\000i\000v\000i\000l\000e\000g\000e\000\040\000\050\004\037\004\076\004\062\004\113\004\110\004\065\004\075\004\070\004\065\000\040\004\077\004\100\004\070\004\062\004\070\004\073\004\065\004\063\004\070\004\071\000\051}{section.5}% 18
\BOOKMARK [1][-]{section.6}{\376\377\004\042\004\060\004\061\004\073\004\070\004\106\004\060\000\040\004\103\004\117\004\067\004\062\004\070\004\074\004\076\004\101\004\102\004\065\004\071}{}% 19
\BOOKMARK [1][-]{section.7}{\376\377\004\040\004\065\004\072\004\076\004\074\004\065\004\075\004\064\004\060\004\106\004\070\004\070\000\040\004\077\004\076\000\040\004\103\004\101\004\102\004\100\004\060\004\075\004\065\004\075\004\070\004\116\000\040\004\100\004\070\004\101\004\072\004\076\004\062}{}% 20
