\BOOKMARK [1][-]{section.1}{\376\377\004\022\004\062\004\076\004\064\004\075\004\060\004\117\000\040\004\107\004\060\004\101\004\102\004\114}{}% 1
\BOOKMARK [1][-]{section.2}{\376\377\004\020\004\100\004\105\004\070\004\102\004\065\004\072\004\102\004\103\004\100\004\060}{}% 2
\BOOKMARK [1][-]{section.3}{\376\377\004\040\004\065\004\104\004\060\004\072\004\102\004\076\004\100\004\070\004\075\004\063\000\040\004\070\004\075\004\104\004\100\004\060\004\101\004\102\004\100\004\103\004\072\004\102\004\103\004\100\004\113\000\040\004\070\000\040\004\100\004\060\004\067\004\062\004\065\004\100\004\102\004\113\004\062\004\060\004\075\004\070\004\117}{}% 3
\BOOKMARK [2][-]{subsubsection.3.0.1}{\376\377\004\036\004\077\004\070\004\101\004\060\004\075\004\070\004\065\000\040\004\077\004\100\004\060\004\072\004\102\004\070\004\072\004\070}{section.3}% 4
\BOOKMARK [3][-]{subsubsection.3.0.2}{\376\377\004\022\004\113\004\077\004\076\004\073\004\075\004\065\004\075\004\075\004\113\004\065\000\040\004\070\004\067\004\074\004\065\004\075\004\065\004\075\004\070\004\117}{subsubsection.3.0.1}% 5
\BOOKMARK [3][-]{subsubsection.3.0.3}{\376\377\004\037\004\100\004\070\004\074\004\065\004\075\004\121\004\075\004\075\004\113\004\065\000\040\004\077\004\100\004\060\004\072\004\102\004\070\004\072\004\070}{subsubsection.3.0.1}% 6
\BOOKMARK [3][-]{subsubsection.3.0.4}{\376\377\004\022\004\060\004\066\004\075\004\076\004\101\004\102\004\114\000\040\004\064\004\073\004\117\000\040\004\077\004\100\004\076\004\065\004\072\004\102\004\060}{subsubsection.3.0.1}% 7
\BOOKMARK [1][-]{section.4}{\376\377\004\040\004\065\004\104\004\060\004\072\004\102\004\076\004\100\004\070\004\075\004\063\000\040\004\101\004\102\004\100\004\103\004\072\004\102\004\103\004\100\004\113\000\040\004\061\004\060\004\067\004\113\000\040\004\064\004\060\004\075\004\075\004\113\004\105}{}% 8
\BOOKMARK [2][-]{subsubsection.4.0.1}{\376\377\004\036\004\077\004\070\004\101\004\060\004\075\004\070\004\065\000\040\004\077\004\100\004\060\004\072\004\102\004\070\004\072\004\070}{section.4}% 9
\BOOKMARK [3][-]{subsubsection.4.0.2}{\376\377\004\022\004\113\004\077\004\076\004\073\004\075\004\065\004\075\004\075\004\113\004\065\000\040\004\070\004\067\004\074\004\065\004\075\004\065\004\075\004\070\004\117}{subsubsection.4.0.1}% 10
\BOOKMARK [3][-]{subsubsection.4.0.3}{\376\377\004\037\004\100\004\070\004\074\004\065\004\075\004\121\004\075\004\075\004\113\004\065\000\040\004\077\004\100\004\060\004\072\004\102\004\070\004\072\004\070}{subsubsection.4.0.1}% 11
\BOOKMARK [3][-]{subsubsection.4.0.4}{\376\377\004\022\004\060\004\066\004\075\004\076\004\101\004\102\004\114\000\040\004\064\004\073\004\117\000\040\004\077\004\100\004\076\004\065\004\072\004\102\004\060}{subsubsection.4.0.1}% 12
\BOOKMARK [1][-]{section.5}{\376\377\004\022\004\075\004\065\004\064\004\100\004\065\004\075\004\070\004\065\000\040\004\101\004\102\004\060\004\075\004\064\004\060\004\100\004\102\004\076\004\062\000\040\004\072\004\060\004\107\004\065\004\101\004\102\004\062\004\060\000\040\004\072\004\076\004\064\004\060}{}% 13
\BOOKMARK [2][-]{subsubsection.5.0.1}{\376\377\004\036\004\077\004\070\004\101\004\060\004\075\004\070\004\065\000\040\004\077\004\100\004\060\004\072\004\102\004\070\004\072\004\070}{section.5}% 14
\BOOKMARK [3][-]{subsubsection.5.0.2}{\376\377\004\022\004\113\004\077\004\076\004\073\004\075\004\065\004\075\004\075\004\113\004\065\000\040\004\070\004\067\004\074\004\065\004\075\004\065\004\075\004\070\004\117}{subsubsection.5.0.1}% 15
\BOOKMARK [3][-]{subsubsection.5.0.3}{\376\377\004\037\004\100\004\070\004\074\004\065\004\075\004\121\004\075\004\075\004\113\004\065\000\040\004\077\004\100\004\060\004\072\004\102\004\070\004\072\004\070}{subsubsection.5.0.1}% 16
\BOOKMARK [3][-]{subsubsection.5.0.4}{\376\377\004\022\004\060\004\066\004\075\004\076\004\101\004\102\004\114\000\040\004\064\004\073\004\117\000\040\004\077\004\100\004\076\004\065\004\072\004\102\004\060}{subsubsection.5.0.1}% 17
\BOOKMARK [1][-]{section.6}{\376\377\004\040\004\065\004\104\004\060\004\072\004\102\004\076\004\100\004\070\004\075\004\063\000\040\004\072\004\076\004\064\004\076\004\062\004\076\004\071\000\040\004\061\004\060\004\067\004\113}{}% 18
\BOOKMARK [2][-]{subsection.6.1}{\376\377\004\032\004\076\004\074\004\074\004\070\004\102\004\113}{section.6}% 19
\BOOKMARK [3][-]{subsubsection.6.1.1}{\376\377\004\036\004\077\004\070\004\101\004\060\004\075\004\070\004\065\000\040\004\077\004\100\004\060\004\072\004\102\004\070\004\072\004\070}{subsection.6.1}% 20
\BOOKMARK [3][-]{subsubsection.6.1.2}{\376\377\004\022\004\113\004\077\004\076\004\073\004\075\004\065\004\075\004\075\004\113\004\065\000\040\004\070\004\067\004\074\004\065\004\075\004\065\004\075\004\070\004\117}{subsection.6.1}% 21
\BOOKMARK [3][-]{subsubsection.6.1.3}{\376\377\004\037\004\100\004\070\004\074\004\065\004\075\004\121\004\075\004\075\004\113\004\065\000\040\004\077\004\100\004\060\004\072\004\102\004\070\004\072\004\070}{subsection.6.1}% 22
\BOOKMARK [1][-]{section.7}{\376\377\004\024\004\076\004\072\004\103\004\074\004\065\004\075\004\102\004\070\004\100\004\076\004\062\004\060\004\075\004\070\004\065\000\040\000A\000P\000I\000\040\004\107\004\065\004\100\004\065\004\067\000\040\000O\000p\000e\000n\000A\000P\000I}{}% 23
\BOOKMARK [2][-]{subsection.7.1}{\376\377\004\032\004\076\004\074\004\074\004\070\004\102\004\113}{section.7}% 24
\BOOKMARK [3][-]{subsubsection.7.1.1}{\376\377\004\036\004\077\004\070\004\101\004\060\004\075\004\070\004\065\000\040\004\077\004\100\004\060\004\072\004\102\004\070\004\072\004\070}{subsection.7.1}% 25
\BOOKMARK [3][-]{subsubsection.7.1.2}{\376\377\004\022\004\113\004\077\004\076\004\073\004\075\004\065\004\075\004\075\004\113\004\065\000\040\004\070\004\067\004\074\004\065\004\075\004\065\004\075\004\070\004\117}{subsection.7.1}% 26
\BOOKMARK [3][-]{subsubsection.7.1.3}{\376\377\004\037\004\100\004\070\004\074\004\065\004\075\004\121\004\075\004\075\004\113\004\065\000\040\004\077\004\100\004\060\004\072\004\102\004\070\004\072\004\070}{subsection.7.1}% 27
\BOOKMARK [3][-]{subsubsection.7.1.4}{\376\377\004\022\004\060\004\066\004\075\004\076\004\101\004\102\004\114\000\040\004\064\004\073\004\117\000\040\004\077\004\100\004\076\004\065\004\072\004\102\004\060}{subsection.7.1}% 28
\BOOKMARK [1][-]{section.8}{\376\377\004\030\004\102\004\076\004\063\004\070\000\040\004\070\000\040\004\100\004\065\004\067\004\103\004\073\004\114\004\102\004\060\004\102\004\113}{}% 29
