\BOOKMARK [1][-]{section*.2}{\376\377\004\022\004\022\004\025\004\024\004\025\004\035\004\030\004\025}{}% 1
\BOOKMARK [1][-]{section.1}{\376\377\004\036\004\041\004\035\004\036\004\022\004\035\004\020\004\057\000\040\004\047\004\020\004\041\004\042\004\054}{}% 2
\BOOKMARK [2][-]{subsection.1.1}{\376\377\004\043\004\102\004\070\004\073\004\070\004\102\004\060\000\040\004\064\004\073\004\117\000\040\004\101\004\061\004\076\004\100\004\060\000\040\004\073\004\076\004\063\004\076\004\062\000\040\004\077\004\076\000\040\000c\000a\000m\000u\000n\000d\000a\000\040\000e\000v\000e\000n\000t\000s}{section.1}% 3
\BOOKMARK [3][-]{subsubsection.1.1.1}{\376\377\004\027\004\060\004\064\004\060\004\107\004\060}{subsection.1.1}% 4
\BOOKMARK [3][-]{subsubsection.1.1.2}{\376\377\004\020\004\075\004\060\004\073\004\070\004\102\004\070\004\072\004\060\000\040\004\067\004\060\004\064\004\060\004\107\004\070}{subsection.1.1}% 5
\BOOKMARK [3][-]{subsubsection.1.1.3}{\376\377\004\027\004\060\004\062\004\065\004\064\004\065\004\075\004\070\004\065\000\040\004\067\004\060\004\064\004\060\004\107\004\070\000\040\004\062\000\040\004\101\004\070\004\101\004\102\004\065\004\074\004\065\000\040\004\102\004\100\004\065\004\072\004\070\004\075\004\063\004\060}{subsection.1.1}% 6
\BOOKMARK [3][-]{subsubsection.1.1.4}{\376\377\004\030\004\101\004\101\004\073\004\065\004\064\004\076\004\062\004\060\004\075\004\070\004\065\000\040\004\102\004\065\004\072\004\103\004\111\004\065\004\063\004\076\000\040\004\070\004\075\004\102\004\065\004\100\004\104\004\065\004\071\004\101\004\060\000\040\004\101\004\070\004\101\004\102\004\065\004\074\004\113\000\040\004\061\004\070\004\067\004\075\004\065\004\101\000\040\004\077\004\100\004\076\004\106\004\065\004\101\004\101\004\076\004\062}{subsection.1.1}% 7
\BOOKMARK [3][-]{subsubsection.1.1.5}{\376\377\004\032\004\076\004\075\004\102\004\100\004\076\004\073\004\073\004\065\004\100}{subsection.1.1}% 8
\BOOKMARK [3][-]{subsubsection.1.1.6}{\376\377\004\041\004\065\004\100\004\062\004\070\004\101}{subsection.1.1}% 9
\BOOKMARK [3][-]{subsubsection.1.1.7}{\376\377\004\027\004\060\004\102\004\100\004\076\004\075\004\103\004\102\004\076\004\065\000\040\000A\000P\000I}{subsection.1.1}% 10
\BOOKMARK [3][-]{subsubsection.1.1.8}{\376\377\004\024\004\076\004\077\004\103\004\101\004\102\004\070\004\074\004\113\004\065\000\040\004\076\004\110\004\070\004\061\004\072\004\070}{subsection.1.1}% 11
\BOOKMARK [3][-]{subsubsection.1.1.9}{\376\377\004\027\004\060\004\074\004\065\004\100\000\040\004\077\004\076\004\102\004\100\004\065\004\061\004\073\004\065\004\075\004\070\004\117\000\040\004\100\004\065\004\101\004\103\004\100\004\101\004\076\004\062\000\040\004\077\004\100\004\070\000\040\004\075\004\060\004\063\004\100\004\103\004\067\004\072\004\065}{subsection.1.1}% 12
\BOOKMARK [3][-]{subsubsection.1.1.10}{\376\377\004\030\004\101\004\077\004\076\004\073\004\114\004\067\004\076\004\062\004\060\004\075\004\075\004\113\004\065\000\040\004\102\004\065\004\105\004\075\004\076\004\073\004\076\004\063\004\070\004\070}{subsection.1.1}% 13
\BOOKMARK [3][-]{subsubsection.1.1.11}{\376\377\004\037\004\076\004\107\004\065\004\074\004\103\000\040\004\061\004\113\004\073\004\070\000\040\004\062\004\113\004\061\004\100\004\060\004\075\004\113\000\040\004\102\004\065\004\105\004\075\004\076\004\073\004\076\004\063\004\070\004\070}{subsection.1.1}% 14
\BOOKMARK [3][-]{subsubsection.1.1.12}{\376\377\004\022\004\113\004\062\004\076\004\064}{subsection.1.1}% 15
\BOOKMARK [2][-]{subsection.1.2}{\376\377\004\024\004\076\004\077\004\070\004\101\004\113\004\062\004\060\004\075\004\070\004\065\000\040\004\077\004\076\004\073\004\103\004\107\004\065\004\075\004\070\004\117\000\040\004\064\004\062\004\070\004\066\004\065\004\075\004\070\004\071\000\040\004\102\004\076\004\072\004\065\004\075\004\060\000\040\004\077\004\076\000\040\000w\000o\000r\000k\000f\000l\000o\000w}{section.1}% 16
\BOOKMARK [3][-]{subsubsection.1.2.1}{\376\377\004\027\004\060\004\064\004\060\004\107\004\060}{subsection.1.2}% 17
\BOOKMARK [3][-]{subsubsection.1.2.2}{\376\377\004\020\004\075\004\060\004\073\004\070\004\102\004\070\004\072\004\060\000\040\004\067\004\060\004\064\004\060\004\107\004\070}{subsection.1.2}% 18
\BOOKMARK [3][-]{subsubsection.1.2.3}{\376\377\004\030\004\101\004\101\004\073\004\065\004\064\004\076\004\062\004\060\004\075\004\070\004\065\000\040\004\102\004\076\004\107\004\065\004\072\000\040\004\062\004\075\004\065\004\064\004\100\004\065\004\075\004\070\004\117}{subsection.1.2}% 19
\BOOKMARK [3][-]{subsubsection.1.2.4}{\376\377\000H\000a\000n\000d\000l\000e\000r}{subsection.1.2}% 20
\BOOKMARK [3][-]{subsubsection.1.2.5}{\376\377\004\041\004\065\004\100\004\062\004\070\004\101\004\113\000\040\004\064\004\073\004\117\000\040\004\076\004\061\004\100\004\060\004\061\004\076\004\102\004\072\004\070\000\040\004\101\004\076\004\061\004\113\004\102\004\070\004\071\000\040\004\075\004\060\000\040\004\103\004\100\004\076\004\062\004\075\004\065\000\040\004\077\004\073\004\060\004\063\004\070\004\075\004\060}{subsection.1.2}% 21
\BOOKMARK [3][-]{subsubsection.1.2.6}{\376\377\004\027\004\060\004\102\004\100\004\076\004\075\004\103\004\102\004\076\004\065\000\040\000A\000P\000I}{subsection.1.2}% 22
\BOOKMARK [3][-]{subsubsection.1.2.7}{\376\377\004\024\004\076\004\077\004\070\004\101\004\113\004\062\004\060\004\075\004\070\004\065\000\040\000A\000P\000I}{subsection.1.2}% 23
\BOOKMARK [3][-]{subsubsection.1.2.8}{\376\377\004\040\004\065\004\067\004\103\004\073\004\114\004\102\004\060\004\102\004\113\000\040\004\101\004\076\004\076\004\061\004\111\004\065\004\075\004\070\004\071\000\040\004\070\004\067\000\040\004\061\004\100\004\076\004\072\004\065\004\100\004\060}{subsection.1.2}% 24
\BOOKMARK [3][-]{subsubsection.1.2.9}{\376\377\004\037\004\100\004\076\004\062\004\065\004\100\004\072\004\060\000\040\004\072\004\076\004\100\004\100\004\065\004\072\004\102\004\075\004\076\004\063\004\076\000\040\004\062\004\076\004\101\004\101\004\102\004\060\004\075\004\076\004\062\004\073\004\065\004\075\004\070\004\117}{subsection.1.2}% 25
\BOOKMARK [3][-]{subsubsection.1.2.10}{\376\377\004\022\004\113\004\062\004\076\004\064}{subsection.1.2}% 26
\BOOKMARK [2][-]{subsection.1.3}{\376\377\004\035\004\060\004\101\004\102\004\100\004\076\004\071\004\072\004\060\000\040\004\064\004\062\004\070\004\066\004\072\004\060\000\040\000C\000a\000m\000u\000n\000d\000a\000\040\004\077\004\076\004\064\000\040\004\075\004\060\004\063\004\100\004\103\004\067\004\072\004\103}{section.1}% 27
\BOOKMARK [3][-]{subsubsection.1.3.1}{\376\377\004\027\004\060\004\064\004\060\004\107\004\060}{subsection.1.3}% 28
\BOOKMARK [3][-]{subsubsection.1.3.2}{\376\377\004\020\004\075\004\060\004\073\004\070\004\102\004\070\004\072\004\060\000\040\004\067\004\060\004\064\004\060\004\107\004\070}{subsection.1.3}% 29
\BOOKMARK [3][-]{subsubsection.1.3.3}{\376\377\004\035\004\060\004\077\004\070\004\101\004\060\004\075\004\070\004\065\000\040\004\072\004\076\004\075\004\104\004\070\004\063\004\103\004\100\004\060\004\106\004\070\004\070\000\040\000J\000o\000b\000\040\000E\000x\000e\000c\000u\000t\000o\000r}{subsection.1.3}% 30
\BOOKMARK [3][-]{subsubsection.1.3.4}{\376\377\004\035\004\060\004\101\004\102\004\100\004\076\004\071\004\072\004\060\000\040\004\077\004\060\004\100\004\060\004\074\004\065\004\102\004\100\004\076\004\062\000\040\004\064\004\073\004\070\004\102\004\065\004\073\004\114\004\075\004\076\004\063\004\076\000\040\004\076\004\077\004\100\004\076\004\101\004\060}{subsection.1.3}% 31
\BOOKMARK [3][-]{subsubsection.1.3.5}{\376\377\004\036\004\102\004\072\004\073\004\116\004\107\004\065\004\075\004\070\004\065\000\040\004\103\004\100\004\076\004\062\004\075\004\117\000\040\004\105\004\100\004\060\004\075\004\065\004\075\004\070\004\117\000\040\004\070\004\101\004\102\004\076\004\100\004\070\004\070}{subsection.1.3}% 32
\BOOKMARK [3][-]{subsubsection.1.3.6}{\376\377\004\032\004\076\004\075\004\104\004\070\004\063\004\103\004\100\004\060\004\106\004\070\004\076\004\075\004\075\004\113\004\065\000\040\004\104\004\060\004\071\004\073\004\113}{subsection.1.3}% 33
\BOOKMARK [3][-]{subsubsection.1.3.7}{\376\377\004\037\004\100\004\076\004\062\004\065\004\100\004\072\004\060\000\040\004\061\004\113\004\101\004\102\004\100\004\076\004\071\000\040\004\060\004\101\004\070\004\075\004\105\004\100\004\076\004\075\004\075\004\076\004\071\000\040\004\100\004\060\004\061\004\076\004\102\004\113\000\040\000j\000o\000b\000\040\000e\000x\000e\000c\000u\000t\000o\000r\000s}{subsection.1.3}% 34
\BOOKMARK [3][-]{subsubsection.1.3.8}{\376\377\004\037\004\100\004\076\004\062\004\065\004\100\004\072\004\060\000\040\004\076\004\102\004\101\004\103\004\102\004\101\004\102\004\062\004\070\004\117\000\040\004\070\004\101\004\102\004\076\004\100\004\070\004\070\000\040\004\062\000\040\004\101\004\073\004\076\004\065\000\040\004\077\004\065\004\100\004\101\004\070\004\101\004\102\004\065\004\075\004\106\004\070\004\070\000\040\004\077\004\100\004\070\000\040\004\064\004\062\004\070\004\066\004\065\004\075\004\070\004\070\000\040\004\077\004\076\000\040\004\101\004\105\004\065\004\074\004\065}{subsection.1.3}% 35
\BOOKMARK [3][-]{subsubsection.1.3.9}{\376\377\004\022\004\113\004\062\004\076\004\064}{subsection.1.3}% 36
\BOOKMARK [2][-]{subsection.1.4}{\376\377\004\035\004\060\004\077\004\070\004\101\004\060\004\075\004\070\004\065\000\040\004\072\004\065\004\110\004\060\000\040\004\064\004\073\004\117\000\040\004\074\004\065\004\102\004\060\004\064\004\060\004\075\004\075\004\113\004\105}{section.1}% 37
\BOOKMARK [3][-]{subsubsection.1.4.1}{\376\377\004\027\004\060\004\064\004\060\004\107\004\060}{subsection.1.4}% 38
\BOOKMARK [3][-]{subsubsection.1.4.2}{\376\377\004\020\004\075\004\060\004\073\004\070\004\102\004\070\004\072\004\060\000\040\004\067\004\060\004\064\004\060\004\107\004\070}{subsection.1.4}% 39
\BOOKMARK [3][-]{subsubsection.1.4.3}{\376\377\004\040\004\065\004\060\004\073\004\070\004\067\004\060\004\106\004\070\004\117\000\040\004\100\004\065\004\110\004\065\004\075\004\070\004\117}{subsection.1.4}% 40
\BOOKMARK [3][-]{subsubsection.1.4.4}{\376\377\004\034\004\076\004\064\004\065\004\073\004\114\000\040\004\064\004\060\004\075\004\075\004\113\004\105}{subsection.1.4}% 41
\BOOKMARK [3][-]{subsubsection.1.4.5}{\376\377\004\041\004\073\004\076\004\071\000\040\004\077\004\076\004\073\004\103\004\107\004\065\004\075\004\070\004\117\000\040\004\064\004\060\004\075\004\075\004\113\004\105}{subsection.1.4}% 42
\BOOKMARK [3][-]{subsubsection.1.4.6}{\376\377\004\037\004\060\004\100\004\101\004\070\004\075\004\063\000\040\004\070\004\065\004\100\004\060\004\100\004\105\004\070\004\070\000\040\004\101\004\077\004\100\004\060\004\062\004\076\004\107\004\075\004\070\004\072\004\076\004\062}{subsection.1.4}% 43
\BOOKMARK [3][-]{subsubsection.1.4.7}{\376\377\004\032\004\065\004\110\000\040\004\070\000\040\004\070\004\075\004\070\004\106\004\070\004\060\004\073\004\070\004\067\004\060\004\106\004\070\004\117}{subsection.1.4}% 44
\BOOKMARK [3][-]{subsubsection.1.4.8}{\376\377\004\020\004\101\004\070\004\075\004\105\004\100\004\076\004\075\004\075\004\060\004\117\000\040\004\070\004\075\004\070\004\106\004\070\004\060\004\073\004\070\004\067\004\060\004\106\004\070\004\117\000\040\004\070\000\040\004\077\004\076\004\062\004\102\004\076\004\100\004\075\004\113\004\065\000\040\004\077\004\076\004\077\004\113\004\102\004\072\004\070}{subsection.1.4}% 45
\BOOKMARK [3][-]{subsubsection.1.4.9}{\376\377\004\032\004\076\004\075\004\104\004\070\004\063\004\103\004\100\004\060\004\106\004\070\004\117}{subsection.1.4}% 46
\BOOKMARK [3][-]{subsubsection.1.4.10}{\376\377\004\042\004\065\004\101\004\102\004\070\004\100\004\076\004\062\004\060\004\075\004\070\004\065}{subsection.1.4}% 47
\BOOKMARK [3][-]{subsubsection.1.4.11}{\376\377\004\030\004\075\004\102\004\065\004\063\004\100\004\060\004\106\004\070\004\117\000\040\004\100\004\065\004\110\004\065\004\075\004\070\004\117}{subsection.1.4}% 48
\BOOKMARK [3][-]{subsubsection.1.4.12}{\376\377\004\027\004\060\004\077\004\076\004\073\004\065\004\075\004\065\004\075\004\070\004\117\000\040\004\072\004\065\004\110\004\060}{subsection.1.4}% 49
\BOOKMARK [3][-]{subsubsection.1.4.13}{\376\377\004\047\004\102\004\065\004\075\004\070\004\117\000\040\004\070\004\067\000\040\004\072\004\065\004\110\004\060}{subsection.1.4}% 50
\BOOKMARK [3][-]{subsubsection.1.4.14}{\376\377\004\030\004\075\004\062\004\060\004\073\004\070\004\064\004\060\004\106\004\070\004\070\000\040\004\072\004\065\004\110\004\060}{subsection.1.4}% 51
\BOOKMARK [3][-]{subsubsection.1.4.15}{\376\377\004\041\004\075\004\070\004\066\004\065\004\075\004\070\004\117\000\040\004\076\004\061\004\100\004\060\004\111\004\065\004\075\004\070\004\071\000\040\004\062\000\040\004\061\004\060\004\067\004\103}{subsection.1.4}% 52
\BOOKMARK [3][-]{subsubsection.1.4.16}{\376\377\004\022\004\113\004\062\004\076\004\064}{subsection.1.4}% 53
\BOOKMARK [1][-]{section*.12}{\376\377\004\027\004\020\004\032\004\033\004\056\004\047\004\025\004\035\004\030\004\025}{}% 54
\BOOKMARK [1][-]{section*.13}{\376\377\004\041\004\037\004\030\004\041\004\036\004\032\000\040\004\030\004\041\004\037\004\036\004\033\004\054\004\027\004\036\004\022\004\020\004\035\004\035\004\053\004\045\000\040\004\030\004\041\004\042\004\036\004\047\004\035\004\030\004\032\004\036\004\022}{}% 55
\BOOKMARK [1][-]{section*.14}{\376\377\004\037\004\040\004\030\004\033\004\036\004\026\004\025\004\035\004\030\004\025\000\040\004\020\000\040\000\050\004\041\004\070\004\101\004\102\004\065\004\074\004\060\000\040\004\101\004\061\004\076\004\100\004\060\000\040\004\070\004\101\004\102\004\076\004\100\004\070\004\070\000\040\004\072\004\060\004\074\004\103\004\075\004\064\004\113\000\051}{}% 56
\BOOKMARK [1][-]{section*.15}{\376\377\004\037\004\040\004\030\004\033\004\036\004\026\004\025\004\035\004\030\004\025\000\040\004\021\000\040\000\050\004\024\004\076\004\077\004\070\004\101\004\113\004\062\004\060\004\075\004\070\004\065\000\040\004\077\004\076\004\073\004\103\004\107\004\065\004\075\004\070\004\117\000\040\004\064\004\062\004\070\004\066\004\065\004\075\004\070\004\071\000\040\004\102\004\076\004\072\004\065\004\075\004\060\000\040\004\077\004\076\000\040\000w\000o\000r\000k\000f\000l\000o\000w\000\051}{}% 57
\BOOKMARK [1][-]{section*.16}{\376\377\004\037\004\040\004\030\004\033\004\036\004\026\004\025\004\035\004\030\004\025\000\040\004\022\000\040\000\050\004\032\004\076\004\075\004\104\004\070\004\063\004\103\004\100\004\060\004\106\004\070\004\117\000\040\004\064\004\062\004\070\004\066\004\072\004\060\000\040\000C\000a\000m\000u\000n\000d\000a\000\040\004\077\004\076\004\064\000\040\004\075\004\060\004\063\004\100\004\103\004\067\004\072\004\103\000\051}{}% 58
\BOOKMARK [1][-]{section*.17}{\376\377\004\037\004\040\004\030\004\033\004\036\004\026\004\025\004\035\004\030\004\025\000\040\004\023\000\040\000\050\004\035\004\060\004\077\004\070\004\101\004\060\004\075\004\070\004\065\000\040\004\072\004\065\004\110\004\060\000\040\004\064\004\073\004\117\000\040\004\074\004\065\004\102\004\060\004\064\004\060\004\075\004\075\004\113\004\105\000\051}{}% 59
